<?xml version="1.0" encoding="UTF-8"?>
<testsuite xmlns:xsi="http://www.w3.org/2001/XMLSchema-instance" xsi:noNamespaceSchemaLocation="https://maven.apache.org/surefire/maven-surefire-plugin/xsd/surefire-test-report.xsd" name="io.github.golden.AppTest" time="0.033" tests="1" errors="0" skipped="0" failures="0">
  <properties>
    <property name="java.specification.version" value="17"/>
    <property name="sun.cpu.isalist" value="amd64"/>
    <property name="sun.jnu.encoding" value="Cp1252"/>
    <property name="java.class.path" value="d:\Workspace\Java\Minecraft Plugins\queue\target\test-classes;d:\Workspace\Java\Minecraft Plugins\queue\target\classes;C:\Users\NicolaC\.m2\repository\org\spigotmc\spigot-api\1.17.1-R0.1-SNAPSHOT\spigot-api-1.17.1-R0.1-SNAPSHOT.jar;C:\Users\NicolaC\.m2\repository\commons-lang\commons-lang\2.6\commons-lang-2.6.jar;C:\Users\NicolaC\.m2\repository\com\google\guava\guava\21.0\guava-21.0.jar;C:\Users\NicolaC\.m2\repository\com\google\code\gson\gson\2.8.0\gson-2.8.0.jar;C:\Users\NicolaC\.m2\repository\net\md-5\bungeecord-chat\1.16-R0.4\bungeecord-chat-1.16-R0.4.jar;C:\Users\NicolaC\.m2\repository\org\yaml\snakeyaml\1.28\snakeyaml-1.28.jar;C:\Users\NicolaC\.m2\repository\dev\dejvokep\boosted-yaml\1.0\boosted-yaml-1.0.jar;C:\Users\NicolaC\.m2\repository\junit\junit\4.11\junit-4.11.jar;C:\Users\NicolaC\.m2\repository\org\hamcrest\hamcrest-core\1.3\hamcrest-core-1.3.jar;"/>
    <property name="java.vm.vendor" value="Eclipse Adoptium"/>
    <property name="sun.arch.data.model" value="64"/>
    <property name="user.variant" value=""/>
    <property name="java.vendor.url" value="https://adoptium.net/"/>
    <property name="user.timezone" value="Europe/Rome"/>
    <property name="os.name" value="Windows 11"/>
    <property name="java.vm.specification.version" value="17"/>
    <property name="sun.java.launcher" value="SUN_STANDARD"/>
    <property name="user.country" value="IT"/>
    <property name="sun.boot.library.path" value="C:\Program Files\Eclipse Adoptium\jdk-17.0.2.8-hotspot\bin"/>
    <property name="sun.java.command" value="C:\Users\NicolaC\AppData\Local\Temp\surefire16242246006981272671\surefirebooter3912817471299409487.jar C:\Users\NicolaC\AppData\Local\Temp\surefire16242246006981272671 2022-04-10T17-50-38_108-jvmRun1 surefire15499029989376133830tmp surefire_010875760993657716247tmp"/>
    <property name="jdk.debug" value="release"/>
    <property name="surefire.test.class.path" value="d:\Workspace\Java\Minecraft Plugins\queue\target\test-classes;d:\Workspace\Java\Minecraft Plugins\queue\target\classes;C:\Users\NicolaC\.m2\repository\org\spigotmc\spigot-api\1.17.1-R0.1-SNAPSHOT\spigot-api-1.17.1-R0.1-SNAPSHOT.jar;C:\Users\NicolaC\.m2\repository\commons-lang\commons-lang\2.6\commons-lang-2.6.jar;C:\Users\NicolaC\.m2\repository\com\google\guava\guava\21.0\guava-21.0.jar;C:\Users\NicolaC\.m2\repository\com\google\code\gson\gson\2.8.0\gson-2.8.0.jar;C:\Users\NicolaC\.m2\repository\net\md-5\bungeecord-chat\1.16-R0.4\bungeecord-chat-1.16-R0.4.jar;C:\Users\NicolaC\.m2\repository\org\yaml\snakeyaml\1.28\snakeyaml-1.28.jar;C:\Users\NicolaC\.m2\repository\dev\dejvokep\boosted-yaml\1.0\boosted-yaml-1.0.jar;C:\Users\NicolaC\.m2\repository\junit\junit\4.11\junit-4.11.jar;C:\Users\NicolaC\.m2\repository\org\hamcrest\hamcrest-core\1.3\hamcrest-core-1.3.jar;"/>
    <property name="sun.cpu.endian" value="little"/>
    <property name="user.home" value="C:\Users\NicolaC"/>
    <property name="user.language" value="it"/>
    <property name="java.specification.vendor" value="Oracle Corporation"/>
    <property name="java.version.date" value="2022-01-18"/>
    <property name="java.home" value="C:\Program Files\Eclipse Adoptium\jdk-17.0.2.8-hotspot"/>
    <property name="file.separator" value="\"/>
    <property name="basedir" value="d:\Workspace\Java\Minecraft Plugins\queue"/>
    <property name="java.vm.compressedOopsMode" value="Zero based"/>
    <property name="line.separator" value="&#10;"/>
    <property name="java.vm.specification.vendor" value="Oracle Corporation"/>
    <property name="java.specification.name" value="Java Platform API Specification"/>
    <property name="surefire.real.class.path" value="C:\Users\NicolaC\AppData\Local\Temp\surefire16242246006981272671\surefirebooter3912817471299409487.jar"/>
    <property name="user.script" value=""/>
    <property name="sun.management.compiler" value="HotSpot 64-Bit Tiered Compilers"/>
    <property name="java.runtime.version" value="17.0.2+8"/>
    <property name="user.name" value="NicolaC"/>
    <property name="path.separator" value=";"/>
    <property name="os.version" value="10.0"/>
    <property name="java.runtime.name" value="OpenJDK Runtime Environment"/>
    <property name="file.encoding" value="Cp1252"/>
    <property name="java.vm.name" value="OpenJDK 64-Bit Server VM"/>
    <property name="java.vendor.version" value="Temurin-17.0.2+8"/>
    <property name="localRepository" value="C:\Users\NicolaC\.m2\repository"/>
    <property name="java.vendor.url.bug" value="https://github.com/adoptium/adoptium-support/issues"/>
    <property name="java.io.tmpdir" value="C:\Users\NicolaC\AppData\Local\Temp\"/>
    <property name="java.version" value="17.0.2"/>
    <property name="user.dir" value="d:\Workspace\Java\Minecraft Plugins\queue"/>
    <property name="os.arch" value="amd64"/>
    <property name="java.vm.specification.name" value="Java Virtual Machine Specification"/>
    <property name="sun.os.patch.level" value=""/>
    <property name="native.encoding" value="Cp1252"/>
    <property name="java.library.path" value="C:\Program Files\Eclipse Adoptium\jdk-17.0.2.8-hotspot\bin;C:\Windows\Sun\Java\bin;C:\Windows\system32;C:\Windows;C:\Program Files\Eclipse Adoptium\jdk-17.0.2.8-hotspot\bin;C:\Windows\system32;C:\Windows;C:\Windows\System32\Wbem;C:\Windows\System32\WindowsPowerShell\v1.0\;C:\Windows\System32\OpenSSH\;C:\Program Files\Git\cmd;C:\Program Files\Maven\apache-maven-3.8.5\bin;C:\Users\NicolaC\AppData\Local\Microsoft\WindowsApps;;C:\Users\NicolaC\AppData\Local\Programs\Microsoft VS Code\bin;."/>
    <property name="java.vm.info" value="mixed mode, sharing"/>
    <property name="java.vendor" value="Eclipse Adoptium"/>
    <property name="java.vm.version" value="17.0.2+8"/>
    <property name="sun.io.unicode.encoding" value="UnicodeLittle"/>
    <property name="java.class.version" value="61.0"/>
  </properties>
  <testcase name="shouldAnswerWithTrue" classname="io.github.golden.AppTest" time="0.002"/>
</testsuite>